<?xml version="1.0" encoding="UTF-8"?>
<!-- Generated by org.testng.reporters.JUnitXMLReporter -->
<testsuite ignored="0" hostname="DESKTOP-5DIKHIN" failures="0" tests="4" name="Test" time="0.08" errors="0" timestamp="2020-02-03T13:18:04 IST">
  <testcase classname="qaclickacademy.RestAPITest" name="deleteTwitter" time="0.01"/>
  <testcase classname="qaclickacademy.RestAPITest" name="postJira" time="0.0"/>
  <testcase classname="qaclickacademy.SeleniumTest" name="browserTesting" time="0.0"/>
  <testcase classname="qaclickacademy.SeleniumTest" name="elementUI" time="0.0"/>
</testsuite> <!-- Test -->
