<?xml version="1.0" encoding="UTF-8"?>
<testng-results ignored="0" total="5" passed="5" failed="0" skipped="0">
  <reporter-output>
  </reporter-output>
  <suite started-at="2020-02-04T10:11:27 IST" name="Command line suite" finished-at="2020-02-04T10:11:27 IST" duration-ms="89">
    <groups>
    </groups>
    <test started-at="2020-02-04T10:11:27 IST" name="Command line test" finished-at="2020-02-04T10:11:27 IST" duration-ms="89">
      <class name="qaclickacademy.AppiumTest">
        <test-method signature="runMethod()[pri:0, instance:qaclickacademy.AppiumTest@dd8ba08]" started-at="2020-02-04T10:11:27 IST" name="runMethod" finished-at="2020-02-04T10:11:27 IST" duration-ms="4" status="PASS">
          <reporter-output>
          </reporter-output>
        </test-method> <!-- runMethod -->
      </class> <!-- qaclickacademy.AppiumTest -->
      <class name="qaclickacademy.RestAPITest">
        <test-method signature="postJira()[pri:0, instance:qaclickacademy.RestAPITest@245b4bdc]" started-at="2020-02-04T10:11:27 IST" name="postJira" finished-at="2020-02-04T10:11:27 IST" duration-ms="4" status="PASS">
          <reporter-output>
          </reporter-output>
        </test-method> <!-- postJira -->
        <test-method signature="deleteTwitter()[pri:0, instance:qaclickacademy.RestAPITest@245b4bdc]" started-at="2020-02-04T10:11:27 IST" name="deleteTwitter" finished-at="2020-02-04T10:11:27 IST" duration-ms="0" status="PASS">
          <reporter-output>
          </reporter-output>
        </test-method> <!-- deleteTwitter -->
      </class> <!-- qaclickacademy.RestAPITest -->
      <class name="qaclickacademy.SeleniumTest">
        <test-method signature="browserTesting()[pri:0, instance:qaclickacademy.SeleniumTest@6c64cb25]" started-at="2020-02-04T10:11:27 IST" name="browserTesting" finished-at="2020-02-04T10:11:27 IST" duration-ms="0" status="PASS">
          <reporter-output>
          </reporter-output>
        </test-method> <!-- browserTesting -->
        <test-method signature="elementUI()[pri:0, instance:qaclickacademy.SeleniumTest@6c64cb25]" started-at="2020-02-04T10:11:27 IST" name="elementUI" finished-at="2020-02-04T10:11:27 IST" duration-ms="4" status="PASS">
          <reporter-output>
          </reporter-output>
        </test-method> <!-- elementUI -->
      </class> <!-- qaclickacademy.SeleniumTest -->
    </test> <!-- Command line test -->
  </suite> <!-- Command line suite -->
</testng-results>
