<?xml version="1.0" encoding="UTF-8"?>
<testng-results ignored="0" total="5" passed="5" failed="0" skipped="0">
  <reporter-output>
  </reporter-output>
  <suite started-at="2020-02-19T12:52:59 IST" name="Suite" finished-at="2020-02-19T12:52:59 IST" duration-ms="133">
    <groups>
    </groups>
    <test started-at="2020-02-19T12:52:59 IST" name="Test" finished-at="2020-02-19T12:52:59 IST" duration-ms="133">
      <class name="qaclickacademy.AppiumTest">
        <test-method signature="runMethod()[pri:0, instance:qaclickacademy.AppiumTest@59af0466]" started-at="2020-02-19T12:52:59 IST" name="runMethod" finished-at="2020-02-19T12:52:59 IST" duration-ms="0" status="PASS">
          <reporter-output>
          </reporter-output>
        </test-method> <!-- runMethod -->
      </class> <!-- qaclickacademy.AppiumTest -->
      <class name="qaclickacademy.RestAPITest">
        <test-method signature="deleteTwitter()[pri:0, instance:qaclickacademy.RestAPITest@34f7cfd9]" started-at="2020-02-19T12:52:59 IST" name="deleteTwitter" finished-at="2020-02-19T12:52:59 IST" duration-ms="31" status="PASS">
          <reporter-output>
          </reporter-output>
        </test-method> <!-- deleteTwitter -->
        <test-method signature="postJira()[pri:0, instance:qaclickacademy.RestAPITest@34f7cfd9]" started-at="2020-02-19T12:52:59 IST" name="postJira" finished-at="2020-02-19T12:52:59 IST" duration-ms="0" status="PASS">
          <reporter-output>
          </reporter-output>
        </test-method> <!-- postJira -->
      </class> <!-- qaclickacademy.RestAPITest -->
      <class name="qaclickacademy.SeleniumTest">
        <test-method signature="browserTesting()[pri:0, instance:qaclickacademy.SeleniumTest@65f095f8]" started-at="2020-02-19T12:52:59 IST" name="browserTesting" finished-at="2020-02-19T12:52:59 IST" duration-ms="0" status="PASS">
          <reporter-output>
          </reporter-output>
        </test-method> <!-- browserTesting -->
        <test-method signature="elementUI()[pri:0, instance:qaclickacademy.SeleniumTest@65f095f8]" started-at="2020-02-19T12:52:59 IST" name="elementUI" finished-at="2020-02-19T12:52:59 IST" duration-ms="16" status="PASS">
          <reporter-output>
          </reporter-output>
        </test-method> <!-- elementUI -->
      </class> <!-- qaclickacademy.SeleniumTest -->
    </test> <!-- Test -->
  </suite> <!-- Suite -->
</testng-results>
